d:\users\user\documents\uxcrowd3\uxcrowd\fightscripttestlink\\pre_cci.c: Testlink.c:286: error: syntax error; found `lr_end_transaction' expecting `;'
d:\users\user\documents\uxcrowd3\uxcrowd\fightscripttestlink\\pre_cci.c: d:\\users\\user\\documents\\uxcrowd3\\uxcrowd\\fightscripttestlink\\\\combined_FightScriptTestlink.c:6: error: 1 errors, not writing pre_cci.ci
